Start testing: May 23 01:41 MSK
----------------------------------------------------------
1/1 Testing: ilyatest
1/1 Test: ilyatest
Command: "/home/anna/Documents/Projects/work/CmakeProject/build_ninja/longNums/test/ilyatest"
Directory: /home/anna/Documents/Projects/work/CmakeProject/build_ninja/longNums/test
"ilyatest" start time: May 23 01:41 MSK
Output:
----------------------------------------------------------
[==========] Running 6 tests from 1 test suite.
[----------] Global test environment set-up.
[----------] 6 tests from FArithmetic
[ RUN      ] FArithmetic.summ
[       OK ] FArithmetic.summ (0 ms)
[ RUN      ] FArithmetic.substraction
[       OK ] FArithmetic.substraction (0 ms)
[ RUN      ] FArithmetic.multiply
[       OK ] FArithmetic.multiply (0 ms)
[ RUN      ] FArithmetic.division
[       OK ] FArithmetic.division (0 ms)
[ RUN      ] FArithmetic.remainder
[       OK ] FArithmetic.remainder (0 ms)
[ RUN      ] FArithmetic.remainder_full_sign_example
[       OK ] FArithmetic.remainder_full_sign_example (0 ms)
[----------] 6 tests from FArithmetic (0 ms total)

[----------] Global test environment tear-down
[==========] 6 tests from 1 test suite ran. (0 ms total)
[  PASSED  ] 6 tests.
<end of output>
Test time =   0.01 sec
----------------------------------------------------------
Test Passed.
"ilyatest" end time: May 23 01:41 MSK
"ilyatest" time elapsed: 00:00:00
----------------------------------------------------------

End testing: May 23 01:41 MSK
